<?xml version="1.0" encoding="UTF-8"?>
<!-- Generated by org.testng.reporters.JUnitReportReporter -->
<testsuite hostname="DESKTOP-VG4CC6U" failures="0" tests="1" name="RestAssured.SchemaValidation" time="5.017" errors="0" timestamp="2022-07-17T12:58:08 CDT" skipped="0">
  <testcase classname="RestAssured.SchemaValidation" name="postPets" time="5.017"/>
  <system-out/>
</testsuite> <!-- RestAssured.SchemaValidation -->
