<?xml version="1.0" encoding="UTF-8"?>
<!-- Generated by org.testng.reporters.JUnitReportReporter -->
<testsuite hostname="DESKTOP-VG4CC6U" failures="0" tests="1" name="com.pom.testcases.FlightBookingPageTest" time="10.552" errors="0" timestamp="2022-07-31T11:08:24 CDT" skipped="0">
  <testcase classname="com.pom.testcases.FlightBookingPageTest" name="SuccessfullFlightBookingTest" time="10.552"/>
  <system-out/>
</testsuite> <!-- com.pom.testcases.FlightBookingPageTest -->
