<?xml version="1.0" encoding="UTF-8"?>
<!-- Generated by org.testng.reporters.JUnitReportReporter -->
<testsuite hostname="DESKTOP-VG4CC6U" failures="0" tests="1" name="RestAssured.DemoRestAPI" time="9.947" errors="0" timestamp="2022-07-21T10:53:48 CDT" skipped="0">
  <testcase classname="RestAssured.DemoRestAPI" name="restApi" time="9.947"/>
  <system-out/>
</testsuite> <!-- RestAssured.DemoRestAPI -->
