<?xml version="1.0" encoding="UTF-8"?>
<!-- Generated by org.testng.reporters.JUnitReportReporter -->
<testsuite hostname="DESKTOP-VG4CC6U" failures="0" tests="1" name="RestAssured.POJOClass.PetStrore" time="2.645" errors="0" timestamp="2022-07-18T00:41:12 CDT" skipped="0">
  <testcase classname="RestAssured.POJOClass.PetStrore" name="restApi" time="2.645"/>
  <system-out/>
</testsuite> <!-- RestAssured.POJOClass.PetStrore -->
