<?xml version="1.0" encoding="UTF-8"?>
<!-- Generated by org.testng.reporters.JUnitReportReporter -->
<testsuite hostname="DESKTOP-VG4CC6U" failures="0" tests="2" name="Testology.MavenSelenium.testing" time="24.423" errors="0" timestamp="2022-06-19T13:18:38 CDT" skipped="0">
  <testcase classname="Testology.MavenSelenium.testing" name="Successfull_Login_LogOut" time="17.008"/>
  <system-out/>
  <testcase classname="Testology.MavenSelenium.testing" name="Test_Forgot_Password_Link" time="7.415"/>
  <system-out/>
</testsuite> <!-- Testology.MavenSelenium.testing -->
