<?xml version="1.0" encoding="UTF-8"?>
<!-- Generated by org.testng.reporters.JUnitReportReporter -->
<testsuite hostname="DESKTOP-VG4CC6U" failures="0" tests="2" name="SeleniumAssigment.DataDrivenTesting" time="13.787" errors="0" timestamp="2022-07-31T23:44:06 CDT" skipped="0">
  <testcase classname="SeleniumAssigment.DataDrivenTesting" name="fbLoginLogout" time="6.592"/>
  <system-out/>
  <testcase classname="SeleniumAssigment.DataDrivenTesting" name="fbLoginLogout" time="7.195"/>
  <system-out/>
</testsuite> <!-- SeleniumAssigment.DataDrivenTesting -->
