<?xml version="1.0" encoding="UTF-8"?>
<!-- Generated by org.testng.reporters.JUnitReportReporter -->
<testsuite hostname="DESKTOP-VG4CC6U" failures="0" tests="2" name="SeleniumAssigment.SeleniumTesting2" time="53.126" errors="0" timestamp="2022-08-05T11:35:13 CDT" skipped="0">
  <testcase classname="SeleniumAssigment.SeleniumTesting2" name="tearDown" time="4.174"/>
  <system-out/>
  <testcase classname="SeleniumAssigment.SeleniumTesting2" name="menuBarOptions" time="48.952"/>
  <system-out/>
</testsuite> <!-- SeleniumAssigment.SeleniumTesting2 -->
