<?xml version="1.0" encoding="UTF-8"?>
<!-- Generated by org.testng.reporters.JUnitReportReporter -->
<testsuite hostname="DESKTOP-VG4CC6U" failures="0" tests="1" name="Testology.MavenSelenium.Assignment1" time="1.280" errors="0" timestamp="2022-06-26T16:22:21 CDT" skipped="0">
  <testcase classname="Testology.MavenSelenium.Assignment1" name="Submit_ContactDetails_Successfully" time="1.280"/>
  <system-out/>
</testsuite> <!-- Testology.MavenSelenium.Assignment1 -->
