<?xml version="1.0" encoding="UTF-8"?>
<!-- Generated by org.testng.reporters.JUnitReportReporter -->
<testsuite hostname="DESKTOP-VG4CC6U" failures="0" tests="3" name="RestAssured.GetRequestDataProvider" time="4.826" errors="0" timestamp="2022-07-19T12:02:45 CDT" skipped="0">
  <testcase classname="RestAssured.GetRequestDataProvider" name="getRequest" time="3.914"/>
  <system-out/>
  <testcase classname="RestAssured.GetRequestDataProvider" name="getRequest" time="0.443"/>
  <system-out/>
  <testcase classname="RestAssured.GetRequestDataProvider" name="getRequest" time="0.469"/>
  <system-out/>
</testsuite> <!-- RestAssured.GetRequestDataProvider -->
