<?xml version="1.0" encoding="UTF-8"?>
<!-- Generated by org.testng.reporters.JUnitReportReporter -->
<testsuite hostname="DESKTOP-VG4CC6U" failures="0" tests="2" name="SeleniumAssigment.SeleniumTesting" time="18.653" errors="0" timestamp="2022-07-31T10:48:15 CDT" skipped="0">
  <testcase classname="SeleniumAssigment.SeleniumTesting" name="A_User_Login" time="3.866"/>
  <system-out/>
  <testcase classname="SeleniumAssigment.SeleniumTesting" name="book_a_flight" time="14.787"/>
  <system-out/>
</testsuite> <!-- SeleniumAssigment.SeleniumTesting -->
