<?xml version="1.0" encoding="UTF-8"?>
<!-- Generated by org.testng.reporters.JUnitReportReporter -->
<testsuite hostname="DESKTOP-VG4CC6U" failures="0" tests="1" name="RestAssured.POJOClass.Users.UserData" time="5.388" errors="0" timestamp="2022-07-21T09:32:44 CDT" skipped="0">
  <testcase classname="RestAssured.POJOClass.Users.UserData" name="postFromPOJO" time="5.388"/>
  <system-out/>
</testsuite> <!-- RestAssured.POJOClass.Users.UserData -->
