<?xml version="1.0" encoding="UTF-8"?>
<!-- Generated by org.testng.reporters.JUnitReportReporter -->
<testsuite hostname="DESKTOP-VG4CC6U" failures="0" tests="1" name="RestAssured.JsonPath" time="0.022" errors="0" timestamp="2022-07-21T10:09:40 CDT" skipped="0">
  <testcase classname="RestAssured.JsonPath" name="jsonPathExample" time="0.022"/>
  <system-out/>
</testsuite> <!-- RestAssured.JsonPath -->
