<?xml version="1.0" encoding="UTF-8"?>
<!-- Generated by org.testng.reporters.JUnitReportReporter -->
<testsuite hostname="DESKTOP-VG4CC6U" failures="0" tests="1" name="RestAssured.xmlValidation" time="3.827" errors="0" timestamp="2022-07-17T13:18:41 CDT" skipped="0">
  <testcase classname="RestAssured.xmlValidation" name="postPets" time="3.827"/>
  <system-out/>
</testsuite> <!-- RestAssured.xmlValidation -->
