<?xml version="1.0" encoding="UTF-8"?>
<!-- Generated by org.testng.reporters.JUnitReportReporter -->
<testsuite hostname="DESKTOP-VG4CC6U" failures="0" tests="3" name="Utility.excelDataProvider" time="0.017" errors="0" timestamp="2022-08-01T01:40:40 CDT" skipped="0">
  <testcase classname="Utility.excelDataProvider" name="testing1" time="0.009"/>
  <system-out/>
  <testcase classname="Utility.excelDataProvider" name="testing1" time="0.002"/>
  <system-out/>
  <testcase classname="Utility.excelDataProvider" name="testing1" time="0.006"/>
  <system-out/>
</testsuite> <!-- Utility.excelDataProvider -->
