<?xml version="1.0" encoding="UTF-8"?>
<!-- Generated by org.testng.reporters.JUnitReportReporter -->
<testsuite hostname="DESKTOP-VG4CC6U" failures="0" tests="1" name="RestAssured.uploadImageApi" time="3.242" errors="0" timestamp="2022-07-16T11:01:22 CDT" skipped="0">
  <testcase classname="RestAssured.uploadImageApi" name="UploadImageTest" time="3.242"/>
  <system-out/>
</testsuite> <!-- RestAssured.uploadImageApi -->
