<?xml version="1.0" encoding="UTF-8"?>
<!-- Generated by org.testng.reporters.JUnitReportReporter -->
<testsuite hostname="DESKTOP-VG4CC6U" failures="0" tests="3" name="com.pom.testcases.LoginPageTest" time="8.725" errors="0" timestamp="2022-07-31T11:08:24 CDT" skipped="0">
  <testcase classname="com.pom.testcases.LoginPageTest" name="loginPageTitleTest" time="0.142"/>
  <system-out/>
  <testcase classname="com.pom.testcases.LoginPageTest" name="Guru99LogoImageTest" time="4.363"/>
  <system-out/>
  <testcase classname="com.pom.testcases.LoginPageTest" name="loginTest" time="4.220"/>
  <system-out/>
</testsuite> <!-- com.pom.testcases.LoginPageTest -->
