<?xml version="1.0" encoding="UTF-8"?>
<!-- Generated by org.testng.reporters.JUnitReportReporter -->
<testsuite hostname="DESKTOP-VG4CC6U" failures="0" tests="1" name="SeleniumAssigment.PrintMenuAndSubMenu" time="16.047" errors="0" timestamp="2022-08-02T08:54:35 CDT" skipped="0">
  <testcase classname="SeleniumAssigment.PrintMenuAndSubMenu" name="PrintMenuandSubmenu" time="16.047"/>
  <system-out/>
</testsuite> <!-- SeleniumAssigment.PrintMenuAndSubMenu -->
